<?xml version="1.0" encoding="UTF-8"?>
<!-- Generated by org.testng.reporters.JUnitXMLReporter -->
<testsuite ignored="0" hostname="LAPTOP-9L7SP0BT" failures="0" tests="1" name="Test" time="0.076" errors="0" timestamp="2022-09-14T15:50:20 IST">
  <testcase classname="instagramautomate.VeriffyHomeTestNg" name="@BeforeTest launchbrowser" time="-1.66315081997E9">
    <failure type="org.testng.TestNGException" message="
Parameter &amp;apos;Browser&amp;apos; is required by BeforeTest on method launchbrowser but has not been marked @Optional or defined
in C:\Users\ADVIKA\eclipse-workspace\instagramautomate\regression.xml">
      <![CDATA[org.testng.TestNGException: 
Parameter 'Browser' is required by BeforeTest on method launchbrowser but has not been marked @Optional or defined
in C:\Users\ADVIKA\eclipse-workspace\instagramautomate\regression.xml
... Removed 21 stack frames]]>
    </failure>
  </testcase> <!-- @BeforeTest launchbrowser -->
  <testcase classname="instagramautomate.VeriffyHomeTestNg" name="@BeforeClass createPOMObjects" time="-1.663150820007E9">
    <skipped/>
  </testcase> <!-- @BeforeClass createPOMObjects -->
  <testcase classname="instagramautomate.VeriffyHomeTestNg" name="@BeforeMethod opentheLoginpage" time="-1.663150820025E9">
    <skipped/>
  </testcase> <!-- @BeforeMethod opentheLoginpage -->
  <testcase classname="instagramautomate.VeriffyHomeTestNg" name="@AfterMethod aftermethod" time="-1.663150820034E9">
    <skipped/>
  </testcase> <!-- @AfterMethod aftermethod -->
  <testcase classname="instagramautomate.VeriffyHomeTestNg" name="@AfterClass cleanPOMObjects" time="-1.663150820036E9">
    <skipped/>
  </testcase> <!-- @AfterClass cleanPOMObjects -->
  <testcase classname="instagramautomate.VeriffyHomeTestNg" name="@AfterTest closetheBrowesr" time="-1.663150820039E9">
    <skipped/>
  </testcase> <!-- @AfterTest closetheBrowesr -->
  <testcase classname="instagramautomate.VeriffyHomeTestNg" name="test1" time="0.0">
    <skipped/>
  </testcase> <!-- test1 -->
</testsuite> <!-- Test -->
