<?xml version="1.0" encoding="UTF-8"?>
<!-- Generated by org.testng.reporters.JUnitXMLReporter -->
<testsuite ignored="0" hostname="LAPTOP-9L7SP0BT" failures="0" tests="1" name="Test" time="20.755" errors="0" timestamp="2022-09-21T11:10:24 IST">
  <testcase classname="instagramautomate.VeriffyHomeTestNg" name="@BeforeMethod opentheLoginpage" time="13.816">
    <failure type="java.io.FileNotFoundException" message="C:\Users\ADVIKA\OneDrive\Documents\file1.xlsx (The process cannot access the file because it is being used by another process)">
      <![CDATA[java.io.FileNotFoundException: C:\Users\ADVIKA\OneDrive\Documents\file1.xlsx (The process cannot access the file because it is being used by another process)
at java.base/java.io.FileInputStream.open0(Native Method)
at java.base/java.io.FileInputStream.open(FileInputStream.java:216)
at java.base/java.io.FileInputStream.<init>(FileInputStream.java:157)
at java.base/java.io.FileInputStream.<init>(FileInputStream.java:111)
at utils.Utility.getdatafromsheet(Utility.java:28)
at instagramautomate.VeriffyHomeTestNg.opentheLoginpage(VeriffyHomeTestNg.java:76)
at java.base/java.util.ArrayList.forEach(ArrayList.java:1511)
... Removed 29 stack frames]]>
    </failure>
  </testcase> <!-- @BeforeMethod opentheLoginpage -->
  <testcase classname="instagramautomate.VeriffyHomeTestNg" name="@AfterMethod aftermethod" time="-1.663738824219E9">
    <skipped/>
  </testcase> <!-- @AfterMethod aftermethod -->
  <testcase classname="instagramautomate.VeriffyHomeTestNg" name="@AfterClass cleanPOMObjects" time="-1.663738824223E9">
    <skipped/>
  </testcase> <!-- @AfterClass cleanPOMObjects -->
  <testcase classname="instagramautomate.VeriffyHomeTestNg" name="@AfterTest closetheBrowesr" time="-1.663738824226E9">
    <skipped/>
  </testcase> <!-- @AfterTest closetheBrowesr -->
  <testcase classname="instagramautomate.VeriffyHomeTestNg" name="test1" time="0.0">
    <skipped/>
  </testcase> <!-- test1 -->
</testsuite> <!-- Test -->
